[Appium] Welcome to Appium v1.6.4
[Appium] Non-default server args:
[Appium]   port: 49951
[Appium]   loglevel: info
[Appium]   chromeDriverPort: 49952
[Appium]   tmpDir: D:\Usuarios\IBERMA~1\AppData\Local\Temp\\Katalon\Appium\Temp1523614631053
[Appium] Appium REST http interface listener started on 0.0.0.0:49951
[HTTP] --> GET /wd/hub/status {}
[HTTP] <-- GET /wd/hub/status 200 37 ms - 83 
[HTTP] --> GET /wd/hub/status {}
[HTTP] <-- GET /wd/hub/status 200 33 ms - 83 
[HTTP] --> POST /wd/hub/session {"desiredCapabilities":{"app":"C:\\Appium_Demo\\src\\apk\\AppiumDemo.apk","autoGrantPermissions":true,"deviceName":"Sony D2303 (Android 5.1.1)","fullReset":false,"newCommandTimeout":1800,"noReset":true,"platform":"ANDROID","platformName":"Android","udid":"ZH8006VQKP"},"capabilities":{"desiredCapabilities":{"app":"C:\\Appium_Demo\\src\\apk\\AppiumDemo.apk","autoGrantPermissions":true,"deviceName":"Sony D2303 (Android 5.1.1)","fullReset":false,"newCommandTimeout":1800,"noReset":true,"platform":"ANDROID","platformName":"Android","udid":"ZH8006VQKP"},"firstMatch":[{"platformName":"android"}]}}
[Appium] Creating new AndroidDriver (v1.17.1) session
[Appium] Capabilities:
[Appium]   app: 'C:\\Appium_Demo\\src\\apk\\AppiumDemo.apk'
[Appium]   autoGrantPermissions: true
[Appium]   deviceName: 'Sony D2303 (Android 5.1.1)'
[Appium]   fullReset: false
[Appium]   newCommandTimeout: 1800
[Appium]   noReset: true
[Appium]   platform: 'ANDROID'
[Appium]   platformName: 'Android'
[Appium]   udid: 'ZH8006VQKP'
[BaseDriver] The following capabilities were provided, but are not recognized by appium: platform.
[BaseDriver] Session created with session id: 26c9f107-4363-4338-abc5-4df915bb47a1
[AndroidDriver] Java version is: 1.8.0_102
[ADB] Checking whether adb is present
[ADB] Using adb.exe from D:\Usuarios\Ibermatica\.katalon\tools\android_sdk\platform-tools\adb.exe
[AndroidDriver] Retrieving device list
[AndroidDriver] Using device: ZH8006VQKP
[ADB] Checking whether adb is present
[ADB] Using adb.exe from D:\Usuarios\Ibermatica\.katalon\tools\android_sdk\platform-tools\adb.exe
[BaseDriver] Using local app 'C:\Appium_Demo\src\apk\AppiumDemo.apk'
[AndroidDriver] Starting Android session
[ADB] Checking whether aapt is present
[ADB] Using aapt.exe from D:\Usuarios\Ibermatica\.katalon\tools\android_sdk\build-tools\21.1.2\aapt.exe
[ADB] Cannot read version codes of D:\Usuarios\Ibermatica\AppData\Roaming\npm\node_modules\appium\node_modules\io.appium.settings\app\build\outputs\apk\settings_apk-debug.apk and/or io.appium.settings. Assuming correct app version is already installed
[ADB] Getting device platform version
[ADB] Checking whether aapt is present
[ADB] Using aapt.exe from D:\Usuarios\Ibermatica\.katalon\tools\android_sdk\build-tools\21.1.2\aapt.exe
[ADB] Extracting package and launch activity from manifest
[AndroidDriver] Remote apk path is /data/local/tmp/ce4deba9aa0763b2afea1e54b1baeb28.apk
[ADB] Checking whether aapt is present
[ADB] Using aapt.exe from D:\Usuarios\Ibermatica\.katalon\tools\android_sdk\build-tools\21.1.2\aapt.exe
[ADB] Extracting package and launch activity from manifest
[ADB] No uiautomator process found to kill, continuing...
[AndroidBootstrap] [BOOTSTRAP LOG] [debug] json loading complete.
[AndroidBootstrap] [BOOTSTRAP LOG] [debug] Registered crash watchers.
[AndroidBootstrap] Android bootstrap socket is now connected
[AndroidBootstrap] [BOOTSTRAP LOG] [debug] Client connected
[AndroidDriver] Screen already unlocked, doing nothing
[Appium] New AndroidDriver session created successfully, session 26c9f107-4363-4338-abc5-4df915bb47a1 added to master session list
[HTTP] <-- POST /wd/hub/session 200 8461 ms - 1063 
[HTTP] --> GET /wd/hub/status {}
[HTTP] <-- GET /wd/hub/status 200 30 ms - 83 
[HTTP] --> POST /wd/hub/session/26c9f107-4363-4338-abc5-4df915bb47a1/timeouts {"type":"implicit","ms":60000}
[HTTP] <-- POST /wd/hub/session/26c9f107-4363-4338-abc5-4df915bb47a1/timeouts 200 2 ms - 76 
[HTTP] --> GET /wd/hub/session/26c9f107-4363-4338-abc5-4df915bb47a1/source {}
[AndroidBootstrap] [BOOTSTRAP LOG] [debug] Got data from client: {"cmd":"action","action":"source","params":{}}
[AndroidBootstrap] [BOOTSTRAP LOG] [debug] Got command of type ACTION
[AndroidBootstrap] [BOOTSTRAP LOG] [debug] Got command action: source
[HTTP] <-- GET /wd/hub/session/26c9f107-4363-4338-abc5-4df915bb47a1/source 200 219 ms - 4934 
[HTTP] --> GET /wd/hub/session/26c9f107-4363-4338-abc5-4df915bb47a1/screenshot {}
[HTTP] <-- GET /wd/hub/session/26c9f107-4363-4338-abc5-4df915bb47a1/screenshot 200 930 ms - 106286 
[HTTP] --> GET /wd/hub/session/26c9f107-4363-4338-abc5-4df915bb47a1/source {}
[AndroidBootstrap] [BOOTSTRAP LOG] [debug] Got data from client: {"cmd":"action","action":"source","params":{}}
[AndroidBootstrap] [BOOTSTRAP LOG] [debug] Got command of type ACTION
[AndroidBootstrap] [BOOTSTRAP LOG] [debug] Got command action: source
[HTTP] <-- GET /wd/hub/session/26c9f107-4363-4338-abc5-4df915bb47a1/source 200 60 ms - 4934 
[HTTP] --> GET /wd/hub/session/26c9f107-4363-4338-abc5-4df915bb47a1/screenshot {}
[HTTP] <-- GET /wd/hub/session/26c9f107-4363-4338-abc5-4df915bb47a1/screenshot 200 986 ms - 106286 
[HTTP] --> GET /wd/hub/session/26c9f107-4363-4338-abc5-4df915bb47a1/window/current/size {}
[AndroidBootstrap] [BOOTSTRAP LOG] [debug] Got data from client: {"cmd":"action","action":"getDeviceSize","params":{}}
[AndroidBootstrap] [BOOTSTRAP LOG] [debug] Got command of type ACTION
[AndroidBootstrap] [BOOTSTRAP LOG] [debug] Got command action: getDeviceSize
[AndroidBootstrap] [BOOTSTRAP LOG] [debug] Returning result: {"status":0,"value":{"height":888,"width":540}}
[HTTP] <-- GET /wd/hub/session/26c9f107-4363-4338-abc5-4df915bb47a1/window/current/size 200 9 ms - 98 
[HTTP] --> POST /wd/hub/session/26c9f107-4363-4338-abc5-4df915bb47a1/elements {"using":"xpath","value":"//hierarchy/android.widget.FrameLayout[1]/android.widget.LinearLayout[1]/android.widget.FrameLayout[1]/android.view.View[1]/android.widget.EditText[1]"}
[AndroidBootstrap] [BOOTSTRAP LOG] [debug] Got data from client: {"cmd":"action","action":"find","params":{"strategy":"xpath","selector":"//hierarchy/android.widget.FrameLayout[1]/android.widget.LinearLayout[1]/android.widget.FrameLayout[1]/android.view.View[1]/android.widget.EditText[1]","context":"","multiple":true}}
[AndroidBootstrap] [BOOTSTRAP LOG] [debug] Got command of type ACTION
[AndroidBootstrap] [BOOTSTRAP LOG] [debug] Got command action: find
[AndroidBootstrap] [BOOTSTRAP LOG] [debug] Finding '//hierarchy/android.widget.FrameLayout[1]/android.widget.LinearLayout[1]/android.widget.FrameLayout[1]/android.view.View[1]/android.widget.EditText[1]' using 'XPATH' with the contextId: '' multiple: true
[AndroidBootstrap] [BOOTSTRAP LOG] [debug] Using: UiSelector[CLASS=android.widget.EditText, INSTANCE=0]
[AndroidBootstrap] [BOOTSTRAP LOG] [debug] getElements selector:UiSelector[CLASS=android.widget.EditText, INSTANCE=0]
[AndroidBootstrap] [BOOTSTRAP LOG] [debug] Selector ends with instance.
[AndroidBootstrap] [BOOTSTRAP LOG] [debug] Returning result: {"status":0,"value":[{"ELEMENT":"1"}]}
[HTTP] <-- POST /wd/hub/session/26c9f107-4363-4338-abc5-4df915bb47a1/elements 200 82 ms - 89 
[HTTP] --> GET /wd/hub/session/26c9f107-4363-4338-abc5-4df915bb47a1 {}
[HTTP] <-- GET /wd/hub/session/26c9f107-4363-4338-abc5-4df915bb47a1 200 3 ms - 1063 
[HTTP] --> GET /wd/hub/session/26c9f107-4363-4338-abc5-4df915bb47a1 {}
[HTTP] <-- GET /wd/hub/session/26c9f107-4363-4338-abc5-4df915bb47a1 200 2 ms - 1063 
[HTTP] --> GET /wd/hub/session/26c9f107-4363-4338-abc5-4df915bb47a1 {}
[HTTP] <-- GET /wd/hub/session/26c9f107-4363-4338-abc5-4df915bb47a1 200 2 ms - 1063 
[HTTP] --> GET /wd/hub/session/26c9f107-4363-4338-abc5-4df915bb47a1 {}
[HTTP] <-- GET /wd/hub/session/26c9f107-4363-4338-abc5-4df915bb47a1 200 2 ms - 1063 
[HTTP] --> GET /wd/hub/session/26c9f107-4363-4338-abc5-4df915bb47a1/element/1/location {}
[AndroidBootstrap] [BOOTSTRAP LOG] [debug] Got data from client: {"cmd":"action","action":"element:getLocation","params":{"elementId":"1"}}
[AndroidBootstrap] [BOOTSTRAP LOG] [debug] Got command of type ACTION
[AndroidBootstrap] [BOOTSTRAP LOG] [debug] Got command action: getLocation
[AndroidBootstrap] [BOOTSTRAP LOG] [debug] Returning result: {"status":0,"value":{"x":65,"y":231}}
[HTTP] <-- GET /wd/hub/session/26c9f107-4363-4338-abc5-4df915bb47a1/element/1/location 200 13 ms - 88 
[HTTP] --> POST /wd/hub/session/26c9f107-4363-4338-abc5-4df915bb47a1/element/1/clear {"id":"1"}
[AndroidBootstrap] [BOOTSTRAP LOG] [debug] Got data from client: {"cmd":"action","action":"element:getText","params":{"elementId":"1"}}
[AndroidBootstrap] [BOOTSTRAP LOG] [debug] Got command of type ACTION
[AndroidBootstrap] [BOOTSTRAP LOG] [debug] Got command action: getText
[AndroidBootstrap] [BOOTSTRAP LOG] [debug] Returning result: {"status":0,"value":"Nº Documento"}
[AndroidBootstrap] [BOOTSTRAP LOG] [debug] Got data from client: {"cmd":"action","action":"element:click","params":{"elementId":"1"}}
[AndroidBootstrap] [BOOTSTRAP LOG] [debug] Got command of type ACTION
[AndroidBootstrap] [BOOTSTRAP LOG] [debug] Got command action: click
[AndroidBootstrap] [BOOTSTRAP LOG] [debug] Returning result: {"status":0,"value":true}
[HTTP] <-- POST /wd/hub/session/26c9f107-4363-4338-abc5-4df915bb47a1/element/1/clear 200 1133 ms - 76 
[HTTP] --> POST /wd/hub/session/26c9f107-4363-4338-abc5-4df915bb47a1/element/1/value {"id":"1","value":["64026203E"]}
[AndroidBootstrap] [BOOTSTRAP LOG] [debug] Got data from client: {"cmd":"action","action":"element:setText","params":{"elementId":"1","text":"64026203E","replace":false}}
[AndroidBootstrap] [BOOTSTRAP LOG] [debug] Got command of type ACTION
[AndroidBootstrap] [BOOTSTRAP LOG] [debug] Got command action: setText
[AndroidBootstrap] [BOOTSTRAP LOG] [debug] Using element passed in: 1
[AndroidBootstrap] [BOOTSTRAP LOG] [debug] Attempting to clear using UiObject.clearText().
[AndroidBootstrap] [BOOTSTRAP LOG] [debug] Text remains after clearing, but it appears to be hint text.
[AndroidBootstrap] [BOOTSTRAP LOG] [debug] Text not cleared. Assuming remainder is hint text.
[AndroidBootstrap] [BOOTSTRAP LOG] [debug] Sending plain text to element: 64026203E
[AndroidBootstrap] [BOOTSTRAP LOG] [debug] Returning result: {"status":0,"value":true}
[HTTP] <-- POST /wd/hub/session/26c9f107-4363-4338-abc5-4df915bb47a1/element/1/value 200 4768 ms - 76 
[HTTP] --> GET /wd/hub/session/26c9f107-4363-4338-abc5-4df915bb47a1/source {}
[AndroidBootstrap] [BOOTSTRAP LOG] [debug] Got data from client: {"cmd":"action","action":"source","params":{}}
[AndroidBootstrap] [BOOTSTRAP LOG] [debug] Got command of type ACTION
[AndroidBootstrap] [BOOTSTRAP LOG] [debug] Got command action: source
[HTTP] <-- GET /wd/hub/session/26c9f107-4363-4338-abc5-4df915bb47a1/source 200 57 ms - 4930 
[HTTP] --> GET /wd/hub/session/26c9f107-4363-4338-abc5-4df915bb47a1/screenshot {}
[HTTP] <-- GET /wd/hub/session/26c9f107-4363-4338-abc5-4df915bb47a1/screenshot 200 997 ms - 125938 
[HTTP] --> GET /wd/hub/session/26c9f107-4363-4338-abc5-4df915bb47a1/window/current/size {}
[AndroidBootstrap] [BOOTSTRAP LOG] [debug] Got data from client: {"cmd":"action","action":"getDeviceSize","params":{}}
[AndroidBootstrap] [BOOTSTRAP LOG] [debug] Got command of type ACTION
[AndroidBootstrap] [BOOTSTRAP LOG] [debug] Got command action: getDeviceSize
[AndroidBootstrap] [BOOTSTRAP LOG] [debug] Returning result: {"status":0,"value":{"height":888,"width":540}}
[HTTP] <-- GET /wd/hub/session/26c9f107-4363-4338-abc5-4df915bb47a1/window/current/size 200 6 ms - 98 
[HTTP] --> POST /wd/hub/session/26c9f107-4363-4338-abc5-4df915bb47a1/elements {"using":"xpath","value":"//hierarchy/android.widget.FrameLayout[1]/android.widget.LinearLayout[1]/android.widget.FrameLayout[1]/android.view.View[1]/android.widget.EditText[2]"}
[AndroidBootstrap] [BOOTSTRAP LOG] [debug] Got data from client: {"cmd":"action","action":"find","params":{"strategy":"xpath","selector":"//hierarchy/android.widget.FrameLayout[1]/android.widget.LinearLayout[1]/android.widget.FrameLayout[1]/android.view.View[1]/android.widget.EditText[2]","context":"","multiple":true}}
[AndroidBootstrap] [BOOTSTRAP LOG] [debug] Got command of type ACTION
[AndroidBootstrap] [BOOTSTRAP LOG] [debug] Got command action: find
[AndroidBootstrap] [BOOTSTRAP LOG] [debug] Finding '//hierarchy/android.widget.FrameLayout[1]/android.widget.LinearLayout[1]/android.widget.FrameLayout[1]/android.view.View[1]/android.widget.EditText[2]' using 'XPATH' with the contextId: '' multiple: true
[AndroidBootstrap] [BOOTSTRAP LOG] [debug] Using: UiSelector[CLASS=android.widget.EditText, INSTANCE=1]
[AndroidBootstrap] [BOOTSTRAP LOG] [debug] getElements selector:UiSelector[CLASS=android.widget.EditText, INSTANCE=1]
[AndroidBootstrap] [BOOTSTRAP LOG] [debug] Selector ends with instance.
[AndroidBootstrap] [BOOTSTRAP LOG] [debug] Returning result: {"status":0,"value":[{"ELEMENT":"2"}]}
[HTTP] <-- POST /wd/hub/session/26c9f107-4363-4338-abc5-4df915bb47a1/elements 200 65 ms - 89 
[HTTP] --> GET /wd/hub/session/26c9f107-4363-4338-abc5-4df915bb47a1 {}
[HTTP] <-- GET /wd/hub/session/26c9f107-4363-4338-abc5-4df915bb47a1 200 1 ms - 1063 
[HTTP] --> GET /wd/hub/session/26c9f107-4363-4338-abc5-4df915bb47a1 {}
[HTTP] <-- GET /wd/hub/session/26c9f107-4363-4338-abc5-4df915bb47a1 200 3 ms - 1063 
[HTTP] --> GET /wd/hub/session/26c9f107-4363-4338-abc5-4df915bb47a1 {}
[HTTP] <-- GET /wd/hub/session/26c9f107-4363-4338-abc5-4df915bb47a1 200 1 ms - 1063 
[HTTP] --> GET /wd/hub/session/26c9f107-4363-4338-abc5-4df915bb47a1 {}
[HTTP] <-- GET /wd/hub/session/26c9f107-4363-4338-abc5-4df915bb47a1 200 1 ms - 1063 
[HTTP] --> GET /wd/hub/session/26c9f107-4363-4338-abc5-4df915bb47a1/element/2/location {}
[AndroidBootstrap] [BOOTSTRAP LOG] [debug] Got data from client: {"cmd":"action","action":"element:getLocation","params":{"elementId":"2"}}
[AndroidBootstrap] [BOOTSTRAP LOG] [debug] Got command of type ACTION
[AndroidBootstrap] [BOOTSTRAP LOG] [debug] Got command action: getLocation
[AndroidBootstrap] [BOOTSTRAP LOG] [debug] Returning result: {"status":0,"value":{"x":70,"y":345}}
[HTTP] <-- GET /wd/hub/session/26c9f107-4363-4338-abc5-4df915bb47a1/element/2/location 200 34 ms - 88 
[HTTP] --> POST /wd/hub/session/26c9f107-4363-4338-abc5-4df915bb47a1/element/2/clear {"id":"2"}
[AndroidBootstrap] [BOOTSTRAP LOG] [debug] Got data from client: {"cmd":"action","action":"element:getText","params":{"elementId":"2"}}
[AndroidBootstrap] [BOOTSTRAP LOG] [debug] Got command of type ACTION
[AndroidBootstrap] [BOOTSTRAP LOG] [debug] Got command action: getText
[AndroidBootstrap] [BOOTSTRAP LOG] [debug] Returning result: {"status":0,"value":""}
[AndroidBootstrap] [BOOTSTRAP LOG] [debug] Got data from client: {"cmd":"action","action":"element:click","params":{"elementId":"2"}}
[AndroidBootstrap] [BOOTSTRAP LOG] [debug] Got command of type ACTION
[AndroidBootstrap] [BOOTSTRAP LOG] [debug] Got command action: click
[AndroidBootstrap] [BOOTSTRAP LOG] [debug] Returning result: {"status":0,"value":true}
[HTTP] <-- POST /wd/hub/session/26c9f107-4363-4338-abc5-4df915bb47a1/element/2/clear 200 1708 ms - 76 
[HTTP] --> POST /wd/hub/session/26c9f107-4363-4338-abc5-4df915bb47a1/element/2/value {"id":"2","value":["Ibermatica"]}
[AndroidBootstrap] [BOOTSTRAP LOG] [debug] Got data from client: {"cmd":"action","action":"element:setText","params":{"elementId":"2","text":"Ibermatica","replace":false}}
[AndroidBootstrap] [BOOTSTRAP LOG] [debug] Got command of type ACTION
[AndroidBootstrap] [BOOTSTRAP LOG] [debug] Got command action: setText
[AndroidBootstrap] [BOOTSTRAP LOG] [debug] Using element passed in: 2
[AndroidBootstrap] [BOOTSTRAP LOG] [debug] Attempting to clear using UiObject.clearText().
[AndroidBootstrap] [BOOTSTRAP LOG] [debug] Sending plain text to element: Ibermatica
[AndroidBootstrap] [BOOTSTRAP LOG] [debug] Returning result: {"status":0,"value":true}
[HTTP] <-- POST /wd/hub/session/26c9f107-4363-4338-abc5-4df915bb47a1/element/2/value 200 5296 ms - 76 
[HTTP] --> GET /wd/hub/session/26c9f107-4363-4338-abc5-4df915bb47a1/source {}
[AndroidBootstrap] [BOOTSTRAP LOG] [debug] Got data from client: {"cmd":"action","action":"source","params":{}}
[AndroidBootstrap] [BOOTSTRAP LOG] [debug] Got command of type ACTION
[AndroidBootstrap] [BOOTSTRAP LOG] [debug] Got command action: source
[HTTP] <-- GET /wd/hub/session/26c9f107-4363-4338-abc5-4df915bb47a1/source 200 55 ms - 4930 
[HTTP] --> GET /wd/hub/session/26c9f107-4363-4338-abc5-4df915bb47a1/screenshot {}
[HTTP] <-- GET /wd/hub/session/26c9f107-4363-4338-abc5-4df915bb47a1/screenshot 200 974 ms - 133862 
[HTTP] --> GET /wd/hub/session/26c9f107-4363-4338-abc5-4df915bb47a1/context {}
[HTTP] <-- GET /wd/hub/session/26c9f107-4363-4338-abc5-4df915bb47a1/context 200 2 ms - 84 
[HTTP] --> GET /wd/hub/session/26c9f107-4363-4338-abc5-4df915bb47a1/contexts {}
[HTTP] <-- GET /wd/hub/session/26c9f107-4363-4338-abc5-4df915bb47a1/contexts 200 76 ms - 86 
[HTTP] --> POST /wd/hub/session/26c9f107-4363-4338-abc5-4df915bb47a1/context {"name":"NATIVE_APP"}
[HTTP] <-- POST /wd/hub/session/26c9f107-4363-4338-abc5-4df915bb47a1/context 200 63 ms - 76 
[HTTP] --> POST /wd/hub/session/26c9f107-4363-4338-abc5-4df915bb47a1/appium/device/hide_keyboard {}
[AndroidBootstrap] [BOOTSTRAP LOG] [debug] Got data from client: {"cmd":"action","action":"pressBack","params":{}}
[AndroidBootstrap] [BOOTSTRAP LOG] [debug] Got command of type ACTION
[AndroidBootstrap] [BOOTSTRAP LOG] [debug] Got command action: pressBack
[AndroidBootstrap] [BOOTSTRAP LOG] [debug] Returning result: {"status":0,"value":true}
[HTTP] <-- POST /wd/hub/session/26c9f107-4363-4338-abc5-4df915bb47a1/appium/device/hide_keyboard 200 1128 ms - 76 
[HTTP] --> POST /wd/hub/session/26c9f107-4363-4338-abc5-4df915bb47a1/context {"name":"NATIVE_APP"}
[HTTP] <-- POST /wd/hub/session/26c9f107-4363-4338-abc5-4df915bb47a1/context 200 73 ms - 76 
[HTTP] --> GET /wd/hub/session/26c9f107-4363-4338-abc5-4df915bb47a1/source {}
[AndroidBootstrap] [BOOTSTRAP LOG] [debug] Got data from client: {"cmd":"action","action":"source","params":{}}
[AndroidBootstrap] [BOOTSTRAP LOG] [debug] Got command of type ACTION
[AndroidBootstrap] [BOOTSTRAP LOG] [debug] Got command action: source
[HTTP] <-- GET /wd/hub/session/26c9f107-4363-4338-abc5-4df915bb47a1/source 200 35 ms - 4930 
[HTTP] --> GET /wd/hub/session/26c9f107-4363-4338-abc5-4df915bb47a1/screenshot {}
[HTTP] <-- GET /wd/hub/session/26c9f107-4363-4338-abc5-4df915bb47a1/screenshot 200 876 ms - 102066 
[HTTP] --> GET /wd/hub/session/26c9f107-4363-4338-abc5-4df915bb47a1/window/current/size {}
[AndroidBootstrap] [BOOTSTRAP LOG] [debug] Got data from client: {"cmd":"action","action":"getDeviceSize","params":{}}
[AndroidBootstrap] [BOOTSTRAP LOG] [debug] Got command of type ACTION
[AndroidBootstrap] [BOOTSTRAP LOG] [debug] Got command action: getDeviceSize
[AndroidBootstrap] [BOOTSTRAP LOG] [debug] Returning result: {"status":0,"value":{"height":888,"width":540}}
[HTTP] <-- GET /wd/hub/session/26c9f107-4363-4338-abc5-4df915bb47a1/window/current/size 200 4 ms - 98 
[HTTP] --> POST /wd/hub/session/26c9f107-4363-4338-abc5-4df915bb47a1/elements {"using":"xpath","value":"//hierarchy/android.widget.FrameLayout[1]/android.widget.LinearLayout[1]/android.widget.FrameLayout[1]/android.view.View[1]/android.widget.Button[1]"}
[AndroidBootstrap] [BOOTSTRAP LOG] [debug] Got data from client: {"cmd":"action","action":"find","params":{"strategy":"xpath","selector":"//hierarchy/android.widget.FrameLayout[1]/android.widget.LinearLayout[1]/android.widget.FrameLayout[1]/android.view.View[1]/android.widget.Button[1]","context":"","multiple":true}}
[AndroidBootstrap] [BOOTSTRAP LOG] [debug] Got command of type ACTION
[AndroidBootstrap] [BOOTSTRAP LOG] [debug] Got command action: find
[AndroidBootstrap] [BOOTSTRAP LOG] [debug] Finding '//hierarchy/android.widget.FrameLayout[1]/android.widget.LinearLayout[1]/android.widget.FrameLayout[1]/android.view.View[1]/android.widget.Button[1]' using 'XPATH' with the contextId: '' multiple: true
[AndroidBootstrap] [BOOTSTRAP LOG] [debug] Using: UiSelector[CLASS=android.widget.Button, INSTANCE=0]
[AndroidBootstrap] [BOOTSTRAP LOG] [debug] getElements selector:UiSelector[CLASS=android.widget.Button, INSTANCE=0]
[AndroidBootstrap] [BOOTSTRAP LOG] [debug] Selector ends with instance.
[AndroidBootstrap] [BOOTSTRAP LOG] [debug] Returning result: {"status":0,"value":[{"ELEMENT":"3"}]}
[HTTP] <-- POST /wd/hub/session/26c9f107-4363-4338-abc5-4df915bb47a1/elements 200 45 ms - 89 
[HTTP] --> GET /wd/hub/session/26c9f107-4363-4338-abc5-4df915bb47a1 {}
[HTTP] <-- GET /wd/hub/session/26c9f107-4363-4338-abc5-4df915bb47a1 200 3 ms - 1063 
[HTTP] --> GET /wd/hub/session/26c9f107-4363-4338-abc5-4df915bb47a1 {}
[HTTP] <-- GET /wd/hub/session/26c9f107-4363-4338-abc5-4df915bb47a1 200 2 ms - 1063 
[HTTP] --> GET /wd/hub/session/26c9f107-4363-4338-abc5-4df915bb47a1 {}
[HTTP] <-- GET /wd/hub/session/26c9f107-4363-4338-abc5-4df915bb47a1 200 2 ms - 1063 
[HTTP] --> GET /wd/hub/session/26c9f107-4363-4338-abc5-4df915bb47a1 {}
[HTTP] <-- GET /wd/hub/session/26c9f107-4363-4338-abc5-4df915bb47a1 200 2 ms - 1063 
[HTTP] --> GET /wd/hub/session/26c9f107-4363-4338-abc5-4df915bb47a1/element/3/location {}
[AndroidBootstrap] [BOOTSTRAP LOG] [debug] Got data from client: {"cmd":"action","action":"element:getLocation","params":{"elementId":"3"}}
[AndroidBootstrap] [BOOTSTRAP LOG] [debug] Got command of type ACTION
[AndroidBootstrap] [BOOTSTRAP LOG] [debug] Got command action: getLocation
[AndroidBootstrap] [BOOTSTRAP LOG] [debug] Returning result: {"status":0,"value":{"x":204,"y":446}}
[HTTP] <-- GET /wd/hub/session/26c9f107-4363-4338-abc5-4df915bb47a1/element/3/location 200 9 ms - 89 
[HTTP] --> POST /wd/hub/session/26c9f107-4363-4338-abc5-4df915bb47a1/touch/perform {"actions":[{"action":"tap","options":{"element":"3","x":1,"y":1}}]}
[AndroidBootstrap] [BOOTSTRAP LOG] [debug] Got data from client: {"cmd":"action","action":"element:getLocation","params":{"elementId":"3"}}
[AndroidBootstrap] [BOOTSTRAP LOG] [debug] Got command of type ACTION
[AndroidBootstrap] [BOOTSTRAP LOG] [debug] Got command action: getLocation
[AndroidBootstrap] [BOOTSTRAP LOG] [debug] Returning result: {"status":0,"value":{"x":204,"y":446}}
[AndroidBootstrap] [BOOTSTRAP LOG] [debug] Got data from client: {"cmd":"action","action":"element:getSize","params":{"elementId":"3"}}
[AndroidBootstrap] [BOOTSTRAP LOG] [debug] Got command of type ACTION
[AndroidBootstrap] [BOOTSTRAP LOG] [debug] Got command action: getSize
[AndroidBootstrap] [BOOTSTRAP LOG] [debug] Returning result: {"status":0,"value":{"width":132,"height":72}}
[AndroidBootstrap] [BOOTSTRAP LOG] [debug] Got data from client: {"cmd":"action","action":"element:click","params":{"elementId":"3","x":205,"y":447}}
[AndroidBootstrap] [BOOTSTRAP LOG] [debug] Got command of type ACTION
[AndroidBootstrap] [BOOTSTRAP LOG] [debug] Got command action: click
[AndroidBootstrap] [BOOTSTRAP LOG] [debug] Returning result: {"status":0,"value":true}
[HTTP] <-- POST /wd/hub/session/26c9f107-4363-4338-abc5-4df915bb47a1/touch/perform 200 346 ms - 76 
[HTTP] --> GET /wd/hub/session/26c9f107-4363-4338-abc5-4df915bb47a1/source {}
[AndroidBootstrap] [BOOTSTRAP LOG] [debug] Got data from client: {"cmd":"action","action":"source","params":{}}
[AndroidBootstrap] [BOOTSTRAP LOG] [debug] Got command of type ACTION
[AndroidBootstrap] [BOOTSTRAP LOG] [debug] Got command action: source
[HTTP] <-- GET /wd/hub/session/26c9f107-4363-4338-abc5-4df915bb47a1/source 200 50 ms - 8043 
[HTTP] --> GET /wd/hub/session/26c9f107-4363-4338-abc5-4df915bb47a1/screenshot {}
[HTTP] <-- GET /wd/hub/session/26c9f107-4363-4338-abc5-4df915bb47a1/screenshot 200 1021 ms - 115214 
[HTTP] --> GET /wd/hub/session/26c9f107-4363-4338-abc5-4df915bb47a1/window/current/size {}
[AndroidBootstrap] [BOOTSTRAP LOG] [debug] Got data from client: {"cmd":"action","action":"getDeviceSize","params":{}}
[AndroidBootstrap] [BOOTSTRAP LOG] [debug] Got command of type ACTION
[AndroidBootstrap] [BOOTSTRAP LOG] [debug] Got command action: getDeviceSize
[AndroidBootstrap] [BOOTSTRAP LOG] [debug] Returning result: {"status":0,"value":{"height":888,"width":540}}
[HTTP] <-- GET /wd/hub/session/26c9f107-4363-4338-abc5-4df915bb47a1/window/current/size 200 9 ms - 98 
[HTTP] --> POST /wd/hub/session/26c9f107-4363-4338-abc5-4df915bb47a1/elements {"using":"xpath","value":"//hierarchy/android.widget.FrameLayout[1]/android.widget.LinearLayout[1]/android.widget.FrameLayout[1]/android.view.View[1]/android.widget.ExpandableListView[1]/android.view.View[2]/android.widget.TextView[1]"}
[AndroidBootstrap] [BOOTSTRAP LOG] [debug] Got data from client: {"cmd":"action","action":"find","params":{"strategy":"xpath","selector":"//hierarchy/android.widget.FrameLayout[1]/android.widget.LinearLayout[1]/android.widget.FrameLayout[1]/android.view.View[1]/android.widget.ExpandableListView[1]/android.view.View[2]/android.widget.TextView[1]","context":"","multiple":true}}
[AndroidBootstrap] [BOOTSTRAP LOG] [debug] Got command of type ACTION
[AndroidBootstrap] [BOOTSTRAP LOG] [debug] Got command action: find
[AndroidBootstrap] [BOOTSTRAP LOG] [debug] Finding '//hierarchy/android.widget.FrameLayout[1]/android.widget.LinearLayout[1]/android.widget.FrameLayout[1]/android.view.View[1]/android.widget.ExpandableListView[1]/android.view.View[2]/android.widget.TextView[1]' using 'XPATH' with the contextId: '' multiple: true
[AndroidBootstrap] [BOOTSTRAP LOG] [debug] Using: UiSelector[CLASS=android.widget.TextView, INSTANCE=3]
[AndroidBootstrap] [BOOTSTRAP LOG] [debug] getElements selector:UiSelector[CLASS=android.widget.TextView, INSTANCE=3]
[AndroidBootstrap] [BOOTSTRAP LOG] [debug] Selector ends with instance.
[AndroidBootstrap] [BOOTSTRAP LOG] [debug] Returning result: {"status":0,"value":[{"ELEMENT":"4"}]}
[HTTP] <-- POST /wd/hub/session/26c9f107-4363-4338-abc5-4df915bb47a1/elements 200 85 ms - 89 
[HTTP] --> GET /wd/hub/session/26c9f107-4363-4338-abc5-4df915bb47a1 {}
[HTTP] <-- GET /wd/hub/session/26c9f107-4363-4338-abc5-4df915bb47a1 200 5 ms - 1063 
[HTTP] --> GET /wd/hub/session/26c9f107-4363-4338-abc5-4df915bb47a1 {}
[HTTP] <-- GET /wd/hub/session/26c9f107-4363-4338-abc5-4df915bb47a1 200 3 ms - 1063 
[HTTP] --> GET /wd/hub/session/26c9f107-4363-4338-abc5-4df915bb47a1 {}
[HTTP] <-- GET /wd/hub/session/26c9f107-4363-4338-abc5-4df915bb47a1 200 4 ms - 1063 
[HTTP] --> GET /wd/hub/session/26c9f107-4363-4338-abc5-4df915bb47a1 {}
[HTTP] <-- GET /wd/hub/session/26c9f107-4363-4338-abc5-4df915bb47a1 200 1 ms - 1063 
[HTTP] --> GET /wd/hub/session/26c9f107-4363-4338-abc5-4df915bb47a1/element/4/location {}
[AndroidBootstrap] [BOOTSTRAP LOG] [debug] Got data from client: {"cmd":"action","action":"element:getLocation","params":{"elementId":"4"}}
[AndroidBootstrap] [BOOTSTRAP LOG] [debug] Got command of type ACTION
[AndroidBootstrap] [BOOTSTRAP LOG] [debug] Got command action: getLocation
[AndroidBootstrap] [BOOTSTRAP LOG] [debug] Returning result: {"status":0,"value":{"x":17,"y":349}}
[HTTP] <-- GET /wd/hub/session/26c9f107-4363-4338-abc5-4df915bb47a1/element/4/location 200 14 ms - 88 
[HTTP] --> POST /wd/hub/session/26c9f107-4363-4338-abc5-4df915bb47a1/touch/perform {"actions":[{"action":"tap","options":{"element":"4","x":1,"y":1}}]}
[AndroidBootstrap] [BOOTSTRAP LOG] [debug] Got data from client: {"cmd":"action","action":"element:getLocation","params":{"elementId":"4"}}
[AndroidBootstrap] [BOOTSTRAP LOG] [debug] Got command of type ACTION
[AndroidBootstrap] [BOOTSTRAP LOG] [debug] Got command action: getLocation
[AndroidBootstrap] [BOOTSTRAP LOG] [debug] Returning result: {"status":0,"value":{"x":17,"y":349}}
[AndroidBootstrap] [BOOTSTRAP LOG] [debug] Got data from client: {"cmd":"action","action":"element:getSize","params":{"elementId":"4"}}
[AndroidBootstrap] [BOOTSTRAP LOG] [debug] Got command of type ACTION
[AndroidBootstrap] [BOOTSTRAP LOG] [debug] Got command action: getSize
[AndroidBootstrap] [BOOTSTRAP LOG] [debug] Returning result: {"status":0,"value":{"width":290,"height":57}}
[AndroidBootstrap] [BOOTSTRAP LOG] [debug] Got data from client: {"cmd":"action","action":"element:click","params":{"elementId":"4","x":18,"y":350}}
[AndroidBootstrap] [BOOTSTRAP LOG] [debug] Got command of type ACTION
[AndroidBootstrap] [BOOTSTRAP LOG] [debug] Got command action: click
[AndroidBootstrap] [BOOTSTRAP LOG] [debug] Returning result: {"status":0,"value":true}
[HTTP] <-- POST /wd/hub/session/26c9f107-4363-4338-abc5-4df915bb47a1/touch/perform 200 154 ms - 76 
[HTTP] --> GET /wd/hub/session/26c9f107-4363-4338-abc5-4df915bb47a1/source {}
[AndroidBootstrap] [BOOTSTRAP LOG] [debug] Got data from client: {"cmd":"action","action":"source","params":{}}
[AndroidBootstrap] [BOOTSTRAP LOG] [debug] Got command of type ACTION
[AndroidBootstrap] [BOOTSTRAP LOG] [debug] Got command action: source
[HTTP] <-- GET /wd/hub/session/26c9f107-4363-4338-abc5-4df915bb47a1/source 200 53 ms - 9349 
[HTTP] --> GET /wd/hub/session/26c9f107-4363-4338-abc5-4df915bb47a1/screenshot {}
[HTTP] <-- GET /wd/hub/session/26c9f107-4363-4338-abc5-4df915bb47a1/screenshot 200 950 ms - 124210 
[HTTP] --> GET /wd/hub/session/26c9f107-4363-4338-abc5-4df915bb47a1/context {}
[HTTP] <-- GET /wd/hub/session/26c9f107-4363-4338-abc5-4df915bb47a1/context 200 2 ms - 84 
[HTTP] --> GET /wd/hub/session/26c9f107-4363-4338-abc5-4df915bb47a1/contexts {}
[HTTP] <-- GET /wd/hub/session/26c9f107-4363-4338-abc5-4df915bb47a1/contexts 200 93 ms - 86 
[HTTP] --> POST /wd/hub/session/26c9f107-4363-4338-abc5-4df915bb47a1/context {"name":"NATIVE_APP"}
[HTTP] <-- POST /wd/hub/session/26c9f107-4363-4338-abc5-4df915bb47a1/context 200 82 ms - 76 
[HTTP] --> POST /wd/hub/session/26c9f107-4363-4338-abc5-4df915bb47a1/appium/device/press_keycode {"keycode":4}
[AndroidBootstrap] [BOOTSTRAP LOG] [debug] Got data from client: {"cmd":"action","action":"pressKeyCode","params":{"keycode":4,"metastate":null}}
[AndroidBootstrap] [BOOTSTRAP LOG] [debug] Got command of type ACTION
[AndroidBootstrap] [BOOTSTRAP LOG] [debug] Got command action: pressKeyCode
[AndroidBootstrap] [BOOTSTRAP LOG] [debug] Returning result: {"status":0,"value":true}
[HTTP] <-- POST /wd/hub/session/26c9f107-4363-4338-abc5-4df915bb47a1/appium/device/press_keycode 200 22 ms - 76 
[HTTP] --> POST /wd/hub/session/26c9f107-4363-4338-abc5-4df915bb47a1/context {"name":"NATIVE_APP"}
[HTTP] <-- POST /wd/hub/session/26c9f107-4363-4338-abc5-4df915bb47a1/context 200 98 ms - 76 
[HTTP] --> GET /wd/hub/session/26c9f107-4363-4338-abc5-4df915bb47a1/source {}
[AndroidBootstrap] [BOOTSTRAP LOG] [debug] Got data from client: {"cmd":"action","action":"source","params":{}}
[AndroidBootstrap] [BOOTSTRAP LOG] [debug] Got command of type ACTION
[AndroidBootstrap] [BOOTSTRAP LOG] [debug] Got command action: source
[HTTP] <-- GET /wd/hub/session/26c9f107-4363-4338-abc5-4df915bb47a1/source 200 58 ms - 4930 
[HTTP] --> GET /wd/hub/session/26c9f107-4363-4338-abc5-4df915bb47a1/screenshot {}
[HTTP] <-- GET /wd/hub/session/26c9f107-4363-4338-abc5-4df915bb47a1/screenshot 200 914 ms - 101534 
[HTTP] --> DELETE /wd/hub/session/26c9f107-4363-4338-abc5-4df915bb47a1 {}
[AndroidBootstrap] [BOOTSTRAP LOG] [debug] Got data from client: {"cmd":"shutdown"}
[AndroidBootstrap] [BOOTSTRAP LOG] [debug] Got command of type SHUTDOWN
[AndroidBootstrap] [BOOTSTRAP LOG] [debug] Returning result: {"status":0,"value":"OK, shutting down"}
[AndroidBootstrap] [BOOTSTRAP LOG] [debug] Closed client connection
[ADB] No uiautomator process found to kill, continuing...
[Appium] Removing session 26c9f107-4363-4338-abc5-4df915bb47a1 from our master session list
[HTTP] <-- DELETE /wd/hub/session/26c9f107-4363-4338-abc5-4df915bb47a1 200 2774 ms - 76 
