[Appium] Welcome to Appium v1.6.4
[Appium] Non-default server args:
[Appium]   port: 51121
[Appium]   loglevel: info
[Appium]   chromeDriverPort: 51122
[Appium]   tmpDir: D:\Usuarios\IBERMA~1\AppData\Local\Temp\\Katalon\Appium\Temp1525687806298
[Appium] Appium REST http interface listener started on 0.0.0.0:51121
[HTTP] --> GET /wd/hub/status {}
[HTTP] <-- GET /wd/hub/status 200 39 ms - 83 
[HTTP] --> POST /wd/hub/session {"desiredCapabilities":{"app":"C:\\Appium_Demo\\src\\apk\\AppiumDemo.apk","autoGrantPermissions":true,"deviceId":"ZH8006VQKP","deviceName":"Sony D2303 (Android 5.1.1)","fullReset":true,"newCommandTimeout":1800,"noReset":false,"platform":"ANDROID","platformName":"Android","udid":"ZH8006VQKP"},"capabilities":{"desiredCapabilities":{"app":"C:\\Appium_Demo\\src\\apk\\AppiumDemo.apk","autoGrantPermissions":true,"deviceId":"ZH8006VQKP","deviceName":"Sony D2303 (Android 5.1.1)","fullReset":true,"newCommandTimeout":1800,"noReset":false,"platform":"ANDROID","platformName":"Android","udid":"ZH8006VQKP"},"firstMatch":[{"platformName":"android"}]}}
[Appium] Creating new AndroidDriver (v1.17.1) session
[Appium] Capabilities:
[Appium]   app: 'C:\\Appium_Demo\\src\\apk\\AppiumDemo.apk'
[Appium]   autoGrantPermissions: true
[Appium]   deviceId: 'ZH8006VQKP'
[Appium]   deviceName: 'Sony D2303 (Android 5.1.1)'
[Appium]   fullReset: true
[Appium]   newCommandTimeout: 1800
[Appium]   noReset: false
[Appium]   platform: 'ANDROID'
[Appium]   platformName: 'Android'
[Appium]   udid: 'ZH8006VQKP'
[BaseDriver] The following capabilities were provided, but are not recognized by appium: deviceId, platform.
[BaseDriver] Session created with session id: 0fc0b220-27fb-44bd-b178-d681e61eef75
[AndroidDriver] Java version is: 1.8.0_102
[ADB] Checking whether adb is present
[ADB] Using adb.exe from D:\Usuarios\Ibermatica\.katalon\tools\android_sdk\platform-tools\adb.exe
[AndroidDriver] Retrieving device list
[AndroidDriver] Using device: ZH8006VQKP
[ADB] Checking whether adb is present
[ADB] Using adb.exe from D:\Usuarios\Ibermatica\.katalon\tools\android_sdk\platform-tools\adb.exe
[BaseDriver] Using local app 'C:\Appium_Demo\src\apk\AppiumDemo.apk'
[AndroidDriver] Starting Android session
[ADB] Checking whether aapt is present
[ADB] Using aapt.exe from D:\Usuarios\Ibermatica\.katalon\tools\android_sdk\build-tools\21.1.2\aapt.exe
[ADB] Cannot read version codes of D:\Usuarios\Ibermatica\AppData\Roaming\npm\node_modules\appium\node_modules\io.appium.settings\app\build\outputs\apk\settings_apk-debug.apk and/or io.appium.settings. Assuming correct app version is already installed
[ADB] Getting device platform version
[ADB] Checking whether aapt is present
[ADB] Using aapt.exe from D:\Usuarios\Ibermatica\.katalon\tools\android_sdk\build-tools\21.1.2\aapt.exe
[ADB] Extracting package and launch activity from manifest
[ADB] App was not uninstalled, maybe it wasn't on device?
[AndroidDriver] Remote apk path is /data/local/tmp/ce4deba9aa0763b2afea1e54b1baeb28.apk
[AndroidDriver] Apk is not yet installed
[AndroidDriver] installing apk from remote
[AndroidDriver] Clearing out any existing remote apks with the same hash
[ADB] App was not uninstalled, maybe it wasn't on device?
[ADB] Checking whether aapt is present
[ADB] Using aapt.exe from D:\Usuarios\Ibermatica\.katalon\tools\android_sdk\build-tools\21.1.2\aapt.exe
[ADB] Extracting package and launch activity from manifest
[ADB] No uiautomator process found to kill, continuing...
[AndroidBootstrap] [BOOTSTRAP LOG] [debug] json loading complete.
[AndroidBootstrap] Android bootstrap socket is now connected
[AndroidBootstrap] [BOOTSTRAP LOG] [debug] Registered crash watchers.
[AndroidBootstrap] [BOOTSTRAP LOG] [debug] Client connected
[AndroidDriver] Screen already unlocked, doing nothing
[Appium] New AndroidDriver session created successfully, session 0fc0b220-27fb-44bd-b178-d681e61eef75 added to master session list
[HTTP] <-- POST /wd/hub/session 200 22129 ms - 1111 
[HTTP] --> GET /wd/hub/status {}
[HTTP] <-- GET /wd/hub/status 200 41 ms - 83 
[HTTP] --> POST /wd/hub/session/0fc0b220-27fb-44bd-b178-d681e61eef75/timeouts {"type":"implicit","ms":30000}
[HTTP] <-- POST /wd/hub/session/0fc0b220-27fb-44bd-b178-d681e61eef75/timeouts 200 4 ms - 76 
[HTTP] --> GET /wd/hub/session/0fc0b220-27fb-44bd-b178-d681e61eef75/window/current/size {}
[AndroidBootstrap] [BOOTSTRAP LOG] [debug] Got data from client: {"cmd":"action","action":"getDeviceSize","params":{}}
[AndroidBootstrap] [BOOTSTRAP LOG] [debug] Got command of type ACTION
[AndroidBootstrap] [BOOTSTRAP LOG] [debug] Got command action: getDeviceSize
[AndroidBootstrap] [BOOTSTRAP LOG] [debug] Returning result: {"status":0,"value":{"height":888,"width":540}}
[HTTP] <-- GET /wd/hub/session/0fc0b220-27fb-44bd-b178-d681e61eef75/window/current/size 200 316 ms - 98 
[HTTP] --> POST /wd/hub/session/0fc0b220-27fb-44bd-b178-d681e61eef75/elements {"using":"-android uiautomator","value":"new UiSelector().className(\"android.widget.EditText\").text(\"Nº Documento\").resourceId(\"com.ibermatica.appiumdemo:id/user\").instance(0)"}
[AndroidBootstrap] [BOOTSTRAP LOG] [debug] Got data from client: {"cmd":"action","action":"find","params":{"strategy":"-android uiautomator","selector":"new UiSelector().className(\"android.widget.EditText\").text(\"Nº Documento\").resourceId(\"com.ibermatica.appiumdemo:id/user\").instance(0)","context":"","multiple":true}}
[AndroidBootstrap] [BOOTSTRAP LOG] [debug] Got command of type ACTION
[AndroidBootstrap] [BOOTSTRAP LOG] [debug] Got command action: find
[AndroidBootstrap] [BOOTSTRAP LOG] [debug] Finding 'new UiSelector().className("android.widget.EditText").text("Nº Documento").resourceId("com.ibermatica.appiumdemo:id/user").instance(0)' using 'ANDROID_UIAUTOMATOR' with the contextId: '' multiple: true
[AndroidBootstrap] [BOOTSTRAP LOG] [debug] Parsing selector: new UiSelector().className("android.widget.EditText").text("Nº Documento").resourceId("com.ibermatica.appiumdemo:id/user").instance(0)
[AndroidBootstrap] [BOOTSTRAP LOG] [debug] UiSelector coerce type: java.lang.Class<T> arg: "android.widget.EditText"
[AndroidBootstrap] [BOOTSTRAP LOG] [debug] UiSelector coerce type: class java.lang.String arg: "android.widget.EditText"
[AndroidBootstrap] [BOOTSTRAP LOG] [debug] UiSelector coerce type: class java.lang.String arg: "Nº Documento"
[AndroidBootstrap] [BOOTSTRAP LOG] [debug] UiSelector coerce type: class java.lang.String arg: "com.ibermatica.appiumdemo:id/user"
[AndroidBootstrap] [BOOTSTRAP LOG] [debug] UiSelector coerce type: int arg: 0
[AndroidBootstrap] [BOOTSTRAP LOG] [debug] Using: UiSelector[TEXT=Nº Documento, CLASS=android.widget.EditText, INSTANCE=0, RESOURCE_ID=com.ibermatica.appiumdemo:id/user]
[AndroidBootstrap] [BOOTSTRAP LOG] [debug] getElements selector:UiSelector[TEXT=Nº Documento, CLASS=android.widget.EditText, INSTANCE=0, RESOURCE_ID=com.ibermatica.appiumdemo:id/user]
[AndroidBootstrap] [BOOTSTRAP LOG] [debug] Element[] is null: (0)
[AndroidBootstrap] [BOOTSTRAP LOG] [debug] getElements tmp selector:UiSelector[TEXT=Nº Documento, CLASS=android.widget.EditText, INSTANCE=0, RESOURCE_ID=com.ibermatica.appiumdemo:id/user]
[AndroidBootstrap] [BOOTSTRAP LOG] [debug] Element[] is null: (1)
[AndroidBootstrap] [BOOTSTRAP LOG] [debug] getElements tmp selector:UiSelector[TEXT=Nº Documento, CLASS=android.widget.EditText, INSTANCE=1, RESOURCE_ID=com.ibermatica.appiumdemo:id/user]
[AndroidBootstrap] [BOOTSTRAP LOG] [debug] Returning result: {"status":0,"value":[{"ELEMENT":"1"}]}
[HTTP] <-- POST /wd/hub/session/0fc0b220-27fb-44bd-b178-d681e61eef75/elements 200 140 ms - 89 
[HTTP] --> GET /wd/hub/session/0fc0b220-27fb-44bd-b178-d681e61eef75 {}
[HTTP] <-- GET /wd/hub/session/0fc0b220-27fb-44bd-b178-d681e61eef75 200 3 ms - 1111 
[HTTP] --> GET /wd/hub/session/0fc0b220-27fb-44bd-b178-d681e61eef75 {}
[HTTP] <-- GET /wd/hub/session/0fc0b220-27fb-44bd-b178-d681e61eef75 200 2 ms - 1111 
[HTTP] --> GET /wd/hub/session/0fc0b220-27fb-44bd-b178-d681e61eef75 {}
[HTTP] <-- GET /wd/hub/session/0fc0b220-27fb-44bd-b178-d681e61eef75 200 2 ms - 1111 
[HTTP] --> GET /wd/hub/session/0fc0b220-27fb-44bd-b178-d681e61eef75 {}
[HTTP] <-- GET /wd/hub/session/0fc0b220-27fb-44bd-b178-d681e61eef75 200 1 ms - 1111 
[HTTP] --> GET /wd/hub/session/0fc0b220-27fb-44bd-b178-d681e61eef75/element/1/location {}
[AndroidBootstrap] [BOOTSTRAP LOG] [debug] Got data from client: {"cmd":"action","action":"element:getLocation","params":{"elementId":"1"}}
[AndroidBootstrap] [BOOTSTRAP LOG] [debug] Got command of type ACTION
[AndroidBootstrap] [BOOTSTRAP LOG] [debug] Got command action: getLocation
[AndroidBootstrap] [BOOTSTRAP LOG] [debug] Returning result: {"status":0,"value":{"x":65,"y":231}}
[HTTP] <-- GET /wd/hub/session/0fc0b220-27fb-44bd-b178-d681e61eef75/element/1/location 200 29 ms - 88 
[HTTP] --> POST /wd/hub/session/0fc0b220-27fb-44bd-b178-d681e61eef75/element/1/clear {"id":"1"}
[AndroidBootstrap] [BOOTSTRAP LOG] [debug] Got data from client: {"cmd":"action","action":"element:getText","params":{"elementId":"1"}}
[AndroidBootstrap] [BOOTSTRAP LOG] [debug] Got command of type ACTION
[AndroidBootstrap] [BOOTSTRAP LOG] [debug] Got command action: getText
[AndroidBootstrap] [BOOTSTRAP LOG] [debug] Returning result: {"status":0,"value":"Nº Documento"}
[AndroidBootstrap] [BOOTSTRAP LOG] [debug] Got data from client: {"cmd":"action","action":"element:click","params":{"elementId":"1"}}
[AndroidBootstrap] [BOOTSTRAP LOG] [debug] Got command of type ACTION
[AndroidBootstrap] [BOOTSTRAP LOG] [debug] Got command action: click
[AndroidBootstrap] [BOOTSTRAP LOG] [debug] Returning result: {"status":0,"value":true}
[HTTP] <-- POST /wd/hub/session/0fc0b220-27fb-44bd-b178-d681e61eef75/element/1/clear 200 1659 ms - 76 
[HTTP] --> POST /wd/hub/session/0fc0b220-27fb-44bd-b178-d681e61eef75/element/1/value {"id":"1","value":["77001622Z"]}
[AndroidBootstrap] [BOOTSTRAP LOG] [debug] Got data from client: {"cmd":"action","action":"element:setText","params":{"elementId":"1","text":"77001622Z","replace":false}}
[AndroidBootstrap] [BOOTSTRAP LOG] [debug] Got command of type ACTION
[AndroidBootstrap] [BOOTSTRAP LOG] [debug] Got command action: setText
[AndroidBootstrap] [BOOTSTRAP LOG] [debug] Using element passed in: 1
[AndroidBootstrap] [BOOTSTRAP LOG] [debug] Attempting to clear using UiObject.clearText().
[AndroidBootstrap] [BOOTSTRAP LOG] [debug] Text remains after clearing, but it appears to be hint text.
[AndroidBootstrap] [BOOTSTRAP LOG] [debug] Text not cleared. Assuming remainder is hint text.
[AndroidBootstrap] [BOOTSTRAP LOG] [debug] Sending plain text to element: 77001622Z
[AndroidBootstrap] [BOOTSTRAP LOG] [debug] Returning result: {"status":0,"value":true}
[HTTP] <-- POST /wd/hub/session/0fc0b220-27fb-44bd-b178-d681e61eef75/element/1/value 200 5043 ms - 76 
[HTTP] --> GET /wd/hub/session/0fc0b220-27fb-44bd-b178-d681e61eef75/window/current/size {}
[AndroidBootstrap] [BOOTSTRAP LOG] [debug] Got data from client: {"cmd":"action","action":"getDeviceSize","params":{}}
[AndroidBootstrap] [BOOTSTRAP LOG] [debug] Got command of type ACTION
[AndroidBootstrap] [BOOTSTRAP LOG] [debug] Got command action: getDeviceSize
[AndroidBootstrap] [BOOTSTRAP LOG] [debug] Returning result: {"status":0,"value":{"height":888,"width":540}}
[HTTP] <-- GET /wd/hub/session/0fc0b220-27fb-44bd-b178-d681e61eef75/window/current/size 200 12 ms - 98 
[HTTP] --> POST /wd/hub/session/0fc0b220-27fb-44bd-b178-d681e61eef75/elements {"using":"-android uiautomator","value":"new UiSelector().className(\"android.widget.EditText\").resourceId(\"com.ibermatica.appiumdemo:id/pass\").instance(1)"}
[AndroidBootstrap] [BOOTSTRAP LOG] [debug] Got data from client: {"cmd":"action","action":"find","params":{"strategy":"-android uiautomator","selector":"new UiSelector().className(\"android.widget.EditText\").resourceId(\"com.ibermatica.appiumdemo:id/pass\").instance(1)","context":"","multiple":true}}
[AndroidBootstrap] [BOOTSTRAP LOG] [debug] Got command of type ACTION
[AndroidBootstrap] [BOOTSTRAP LOG] [debug] Got command action: find
[AndroidBootstrap] [BOOTSTRAP LOG] [debug] Finding 'new UiSelector().className("android.widget.EditText").resourceId("com.ibermatica.appiumdemo:id/pass").instance(1)' using 'ANDROID_UIAUTOMATOR' with the contextId: '' multiple: true
[AndroidBootstrap] [BOOTSTRAP LOG] [debug] Parsing selector: new UiSelector().className("android.widget.EditText").resourceId("com.ibermatica.appiumdemo:id/pass").instance(1)
[AndroidBootstrap] [BOOTSTRAP LOG] [debug] UiSelector coerce type: java.lang.Class<T> arg: "android.widget.EditText"
[AndroidBootstrap] [BOOTSTRAP LOG] [debug] UiSelector coerce type: class java.lang.String arg: "android.widget.EditText"
[AndroidBootstrap] [BOOTSTRAP LOG] [debug] UiSelector coerce type: class java.lang.String arg: "com.ibermatica.appiumdemo:id/pass"
[AndroidBootstrap] [BOOTSTRAP LOG] [debug] UiSelector coerce type: int arg: 1
[AndroidBootstrap] [BOOTSTRAP LOG] [debug] Using: UiSelector[CLASS=android.widget.EditText, INSTANCE=1, RESOURCE_ID=com.ibermatica.appiumdemo:id/pass]
[AndroidBootstrap] [BOOTSTRAP LOG] [debug] getElements selector:UiSelector[CLASS=android.widget.EditText, INSTANCE=1, RESOURCE_ID=com.ibermatica.appiumdemo:id/pass]
[AndroidBootstrap] [BOOTSTRAP LOG] [debug] Element[] is null: (0)
[AndroidBootstrap] [BOOTSTRAP LOG] [debug] getElements tmp selector:UiSelector[CLASS=android.widget.EditText, INSTANCE=0, RESOURCE_ID=com.ibermatica.appiumdemo:id/pass]
[AndroidBootstrap] [BOOTSTRAP LOG] [debug] Element[] is null: (1)
[AndroidBootstrap] [BOOTSTRAP LOG] [debug] getElements tmp selector:UiSelector[CLASS=android.widget.EditText, INSTANCE=1, RESOURCE_ID=com.ibermatica.appiumdemo:id/pass]
[AndroidBootstrap] [BOOTSTRAP LOG] [debug] Returning result: {"status":0,"value":[{"ELEMENT":"2"}]}
[HTTP] <-- POST /wd/hub/session/0fc0b220-27fb-44bd-b178-d681e61eef75/elements 200 59 ms - 89 
[HTTP] --> GET /wd/hub/session/0fc0b220-27fb-44bd-b178-d681e61eef75 {}
[HTTP] <-- GET /wd/hub/session/0fc0b220-27fb-44bd-b178-d681e61eef75 200 1 ms - 1111 
[HTTP] --> GET /wd/hub/session/0fc0b220-27fb-44bd-b178-d681e61eef75 {}
[HTTP] <-- GET /wd/hub/session/0fc0b220-27fb-44bd-b178-d681e61eef75 200 1 ms - 1111 
[HTTP] --> GET /wd/hub/session/0fc0b220-27fb-44bd-b178-d681e61eef75 {}
[HTTP] <-- GET /wd/hub/session/0fc0b220-27fb-44bd-b178-d681e61eef75 200 2 ms - 1111 
[HTTP] --> GET /wd/hub/session/0fc0b220-27fb-44bd-b178-d681e61eef75 {}
[HTTP] <-- GET /wd/hub/session/0fc0b220-27fb-44bd-b178-d681e61eef75 200 6 ms - 1111 
[HTTP] --> GET /wd/hub/session/0fc0b220-27fb-44bd-b178-d681e61eef75/element/2/location {}
[AndroidBootstrap] [BOOTSTRAP LOG] [debug] Got data from client: {"cmd":"action","action":"element:getLocation","params":{"elementId":"2"}}
[AndroidBootstrap] [BOOTSTRAP LOG] [debug] Got command of type ACTION
[AndroidBootstrap] [BOOTSTRAP LOG] [debug] Got command action: getLocation
[AndroidBootstrap] [BOOTSTRAP LOG] [debug] Returning result: {"status":0,"value":{"x":70,"y":345}}
[HTTP] <-- GET /wd/hub/session/0fc0b220-27fb-44bd-b178-d681e61eef75/element/2/location 200 13 ms - 88 
[HTTP] --> POST /wd/hub/session/0fc0b220-27fb-44bd-b178-d681e61eef75/element/2/clear {"id":"2"}
[AndroidBootstrap] [BOOTSTRAP LOG] [debug] Got data from client: {"cmd":"action","action":"element:getText","params":{"elementId":"2"}}
[AndroidBootstrap] [BOOTSTRAP LOG] [debug] Got command of type ACTION
[AndroidBootstrap] [BOOTSTRAP LOG] [debug] Got command action: getText
[AndroidBootstrap] [BOOTSTRAP LOG] [debug] Returning result: {"status":0,"value":""}
[AndroidBootstrap] [BOOTSTRAP LOG] [debug] Got data from client: {"cmd":"action","action":"element:click","params":{"elementId":"2"}}
[AndroidBootstrap] [BOOTSTRAP LOG] [debug] Got command of type ACTION
[AndroidBootstrap] [BOOTSTRAP LOG] [debug] Got command action: click
[AndroidBootstrap] [BOOTSTRAP LOG] [debug] Returning result: {"status":0,"value":true}
[HTTP] <-- POST /wd/hub/session/0fc0b220-27fb-44bd-b178-d681e61eef75/element/2/clear 200 2090 ms - 76 
[HTTP] --> POST /wd/hub/session/0fc0b220-27fb-44bd-b178-d681e61eef75/element/2/value {"id":"2","value":["Ibermatica"]}
[AndroidBootstrap] [BOOTSTRAP LOG] [debug] Got data from client: {"cmd":"action","action":"element:setText","params":{"elementId":"2","text":"Ibermatica","replace":false}}
[AndroidBootstrap] [BOOTSTRAP LOG] [debug] Got command of type ACTION
[AndroidBootstrap] [BOOTSTRAP LOG] [debug] Got command action: setText
[AndroidBootstrap] [BOOTSTRAP LOG] [debug] Using element passed in: 2
[AndroidBootstrap] [BOOTSTRAP LOG] [debug] Attempting to clear using UiObject.clearText().
[AndroidBootstrap] [BOOTSTRAP LOG] [debug] Sending plain text to element: Ibermatica
[AndroidBootstrap] [BOOTSTRAP LOG] [debug] Returning result: {"status":0,"value":true}
[HTTP] <-- POST /wd/hub/session/0fc0b220-27fb-44bd-b178-d681e61eef75/element/2/value 200 5025 ms - 76 
[HTTP] --> GET /wd/hub/session/0fc0b220-27fb-44bd-b178-d681e61eef75/context {}
[HTTP] <-- GET /wd/hub/session/0fc0b220-27fb-44bd-b178-d681e61eef75/context 200 2 ms - 84 
[HTTP] --> GET /wd/hub/session/0fc0b220-27fb-44bd-b178-d681e61eef75/contexts {}
[HTTP] <-- GET /wd/hub/session/0fc0b220-27fb-44bd-b178-d681e61eef75/contexts 200 98 ms - 86 
[HTTP] --> POST /wd/hub/session/0fc0b220-27fb-44bd-b178-d681e61eef75/context {"name":"NATIVE_APP"}
[HTTP] <-- POST /wd/hub/session/0fc0b220-27fb-44bd-b178-d681e61eef75/context 200 87 ms - 76 
[HTTP] --> POST /wd/hub/session/0fc0b220-27fb-44bd-b178-d681e61eef75/appium/device/hide_keyboard {}
[AndroidBootstrap] [BOOTSTRAP LOG] [debug] Got data from client: {"cmd":"action","action":"pressBack","params":{}}
[AndroidBootstrap] [BOOTSTRAP LOG] [debug] Got command of type ACTION
[AndroidBootstrap] [BOOTSTRAP LOG] [debug] Got command action: pressBack
[AndroidBootstrap] [BOOTSTRAP LOG] [debug] Returning result: {"status":0,"value":true}
[HTTP] <-- POST /wd/hub/session/0fc0b220-27fb-44bd-b178-d681e61eef75/appium/device/hide_keyboard 200 1124 ms - 76 
[HTTP] --> POST /wd/hub/session/0fc0b220-27fb-44bd-b178-d681e61eef75/context {"name":"NATIVE_APP"}
[HTTP] <-- POST /wd/hub/session/0fc0b220-27fb-44bd-b178-d681e61eef75/context 200 102 ms - 76 
[HTTP] --> GET /wd/hub/session/0fc0b220-27fb-44bd-b178-d681e61eef75/window/current/size {}
[AndroidBootstrap] [BOOTSTRAP LOG] [debug] Got data from client: {"cmd":"action","action":"getDeviceSize","params":{}}
[AndroidBootstrap] [BOOTSTRAP LOG] [debug] Got command of type ACTION
[AndroidBootstrap] [BOOTSTRAP LOG] [debug] Got command action: getDeviceSize
[AndroidBootstrap] [BOOTSTRAP LOG] [debug] Returning result: {"status":0,"value":{"height":888,"width":540}}
[HTTP] <-- GET /wd/hub/session/0fc0b220-27fb-44bd-b178-d681e61eef75/window/current/size 200 9 ms - 98 
[HTTP] --> POST /wd/hub/session/0fc0b220-27fb-44bd-b178-d681e61eef75/elements {"using":"-android uiautomator","value":"new UiSelector().className(\"android.widget.Button\").text(\"Acceder\").resourceId(\"com.ibermatica.appiumdemo:id/btnLogin\").instance(0)"}
[AndroidBootstrap] [BOOTSTRAP LOG] [debug] Got data from client: {"cmd":"action","action":"find","params":{"strategy":"-android uiautomator","selector":"new UiSelector().className(\"android.widget.Button\").text(\"Acceder\").resourceId(\"com.ibermatica.appiumdemo:id/btnLogin\").instance(0)","context":"","multiple":true}}
[AndroidBootstrap] [BOOTSTRAP LOG] [debug] Got command of type ACTION
[AndroidBootstrap] [BOOTSTRAP LOG] [debug] Got command action: find
[AndroidBootstrap] [BOOTSTRAP LOG] [debug] Finding 'new UiSelector().className("android.widget.Button").text("Acceder").resourceId("com.ibermatica.appiumdemo:id/btnLogin").instance(0)' using 'ANDROID_UIAUTOMATOR' with the contextId: '' multiple: true
[AndroidBootstrap] [BOOTSTRAP LOG] [debug] Parsing selector: new UiSelector().className("android.widget.Button").text("Acceder").resourceId("com.ibermatica.appiumdemo:id/btnLogin").instance(0)
[AndroidBootstrap] [BOOTSTRAP LOG] [debug] UiSelector coerce type: java.lang.Class<T> arg: "android.widget.Button"
[AndroidBootstrap] [BOOTSTRAP LOG] [debug] UiSelector coerce type: class java.lang.String arg: "android.widget.Button"
[AndroidBootstrap] [BOOTSTRAP LOG] [debug] UiSelector coerce type: class java.lang.String arg: "Acceder"
[AndroidBootstrap] [BOOTSTRAP LOG] [debug] UiSelector coerce type: class java.lang.String arg: "com.ibermatica.appiumdemo:id/btnLogin"
[AndroidBootstrap] [BOOTSTRAP LOG] [debug] UiSelector coerce type: int arg: 0
[AndroidBootstrap] [BOOTSTRAP LOG] [debug] Using: UiSelector[TEXT=Acceder, CLASS=android.widget.Button, INSTANCE=0, RESOURCE_ID=com.ibermatica.appiumdemo:id/btnLogin]
[AndroidBootstrap] [BOOTSTRAP LOG] [debug] getElements selector:UiSelector[TEXT=Acceder, CLASS=android.widget.Button, INSTANCE=0, RESOURCE_ID=com.ibermatica.appiumdemo:id/btnLogin]
[AndroidBootstrap] [BOOTSTRAP LOG] [debug] Element[] is null: (0)
[AndroidBootstrap] [BOOTSTRAP LOG] [debug] getElements tmp selector:UiSelector[TEXT=Acceder, CLASS=android.widget.Button, INSTANCE=0, RESOURCE_ID=com.ibermatica.appiumdemo:id/btnLogin]
[AndroidBootstrap] [BOOTSTRAP LOG] [debug] Element[] is null: (1)
[AndroidBootstrap] [BOOTSTRAP LOG] [debug] getElements tmp selector:UiSelector[TEXT=Acceder, CLASS=android.widget.Button, INSTANCE=1, RESOURCE_ID=com.ibermatica.appiumdemo:id/btnLogin]
[AndroidBootstrap] [BOOTSTRAP LOG] [debug] Returning result: {"status":0,"value":[{"ELEMENT":"3"}]}
[HTTP] <-- POST /wd/hub/session/0fc0b220-27fb-44bd-b178-d681e61eef75/elements 200 53 ms - 89 
[HTTP] --> GET /wd/hub/session/0fc0b220-27fb-44bd-b178-d681e61eef75 {}
[HTTP] <-- GET /wd/hub/session/0fc0b220-27fb-44bd-b178-d681e61eef75 200 1 ms - 1111 
[HTTP] --> GET /wd/hub/session/0fc0b220-27fb-44bd-b178-d681e61eef75 {}
[HTTP] <-- GET /wd/hub/session/0fc0b220-27fb-44bd-b178-d681e61eef75 200 2 ms - 1111 
[HTTP] --> GET /wd/hub/session/0fc0b220-27fb-44bd-b178-d681e61eef75 {}
[HTTP] <-- GET /wd/hub/session/0fc0b220-27fb-44bd-b178-d681e61eef75 200 1 ms - 1111 
[HTTP] --> GET /wd/hub/session/0fc0b220-27fb-44bd-b178-d681e61eef75 {}
[HTTP] <-- GET /wd/hub/session/0fc0b220-27fb-44bd-b178-d681e61eef75 200 2 ms - 1111 
[HTTP] --> GET /wd/hub/session/0fc0b220-27fb-44bd-b178-d681e61eef75/element/3/location {}
[AndroidBootstrap] [BOOTSTRAP LOG] [debug] Got data from client: {"cmd":"action","action":"element:getLocation","params":{"elementId":"3"}}
[AndroidBootstrap] [BOOTSTRAP LOG] [debug] Got command of type ACTION
[AndroidBootstrap] [BOOTSTRAP LOG] [debug] Got command action: getLocation
[AndroidBootstrap] [BOOTSTRAP LOG] [debug] Returning result: {"status":0,"value":{"x":204,"y":446}}
[HTTP] <-- GET /wd/hub/session/0fc0b220-27fb-44bd-b178-d681e61eef75/element/3/location 200 11 ms - 89 
[HTTP] --> POST /wd/hub/session/0fc0b220-27fb-44bd-b178-d681e61eef75/touch/perform {"actions":[{"action":"tap","options":{"element":"3","x":1,"y":1}}]}
[AndroidBootstrap] [BOOTSTRAP LOG] [debug] Got data from client: {"cmd":"action","action":"element:getLocation","params":{"elementId":"3"}}
[AndroidBootstrap] [BOOTSTRAP LOG] [debug] Got command of type ACTION
[AndroidBootstrap] [BOOTSTRAP LOG] [debug] Got command action: getLocation
[AndroidBootstrap] [BOOTSTRAP LOG] [debug] Returning result: {"status":0,"value":{"x":204,"y":446}}
[AndroidBootstrap] [BOOTSTRAP LOG] [debug] Got data from client: {"cmd":"action","action":"element:getSize","params":{"elementId":"3"}}
[AndroidBootstrap] [BOOTSTRAP LOG] [debug] Got command of type ACTION
[AndroidBootstrap] [BOOTSTRAP LOG] [debug] Got command action: getSize
[AndroidBootstrap] [BOOTSTRAP LOG] [debug] Returning result: {"status":0,"value":{"width":132,"height":72}}
[AndroidBootstrap] [BOOTSTRAP LOG] [debug] Got data from client: {"cmd":"action","action":"element:click","params":{"elementId":"3","x":205,"y":447}}
[AndroidBootstrap] [BOOTSTRAP LOG] [debug] Got command of type ACTION
[AndroidBootstrap] [BOOTSTRAP LOG] [debug] Got command action: click
[AndroidBootstrap] [BOOTSTRAP LOG] [debug] Returning result: {"status":0,"value":true}
[HTTP] <-- POST /wd/hub/session/0fc0b220-27fb-44bd-b178-d681e61eef75/touch/perform 200 394 ms - 76 
[HTTP] --> GET /wd/hub/session/0fc0b220-27fb-44bd-b178-d681e61eef75/window/current/size {}
[AndroidBootstrap] [BOOTSTRAP LOG] [debug] Got data from client: {"cmd":"action","action":"getDeviceSize","params":{}}
[AndroidBootstrap] [BOOTSTRAP LOG] [debug] Got command of type ACTION
[AndroidBootstrap] [BOOTSTRAP LOG] [debug] Got command action: getDeviceSize
[AndroidBootstrap] [BOOTSTRAP LOG] [debug] Returning result: {"status":0,"value":{"height":888,"width":540}}
[HTTP] <-- GET /wd/hub/session/0fc0b220-27fb-44bd-b178-d681e61eef75/window/current/size 200 6 ms - 98 
[HTTP] --> POST /wd/hub/session/0fc0b220-27fb-44bd-b178-d681e61eef75/elements {"using":"-android uiautomator","value":"new UiSelector().className(\"android.widget.TextView\").text(\"Tarjetas\").resourceId(\"com.ibermatica.appiumdemo:id/lblListHeader\").instance(3)"}
[AndroidBootstrap] [BOOTSTRAP LOG] [debug] Got data from client: {"cmd":"action","action":"find","params":{"strategy":"-android uiautomator","selector":"new UiSelector().className(\"android.widget.TextView\").text(\"Tarjetas\").resourceId(\"com.ibermatica.appiumdemo:id/lblListHeader\").instance(3)","context":"","multiple":true}}
[AndroidBootstrap] [BOOTSTRAP LOG] [debug] Got command of type ACTION
[AndroidBootstrap] [BOOTSTRAP LOG] [debug] Got command action: find
[AndroidBootstrap] [BOOTSTRAP LOG] [debug] Finding 'new UiSelector().className("android.widget.TextView").text("Tarjetas").resourceId("com.ibermatica.appiumdemo:id/lblListHeader").instance(3)' using 'ANDROID_UIAUTOMATOR' with the contextId: '' multiple: true
[AndroidBootstrap] [BOOTSTRAP LOG] [debug] Parsing selector: new UiSelector().className("android.widget.TextView").text("Tarjetas").resourceId("com.ibermatica.appiumdemo:id/lblListHeader").instance(3)
[AndroidBootstrap] [BOOTSTRAP LOG] [debug] UiSelector coerce type: java.lang.Class<T> arg: "android.widget.TextView"
[AndroidBootstrap] [BOOTSTRAP LOG] [debug] UiSelector coerce type: class java.lang.String arg: "android.widget.TextView"
[AndroidBootstrap] [BOOTSTRAP LOG] [debug] UiSelector coerce type: class java.lang.String arg: "Tarjetas"
[AndroidBootstrap] [BOOTSTRAP LOG] [debug] UiSelector coerce type: class java.lang.String arg: "com.ibermatica.appiumdemo:id/lblListHeader"
[AndroidBootstrap] [BOOTSTRAP LOG] [debug] UiSelector coerce type: int arg: 3
[AndroidBootstrap] [BOOTSTRAP LOG] [debug] Using: UiSelector[TEXT=Tarjetas, CLASS=android.widget.TextView, INSTANCE=3, RESOURCE_ID=com.ibermatica.appiumdemo:id/lblListHeader]
[AndroidBootstrap] [BOOTSTRAP LOG] [debug] getElements selector:UiSelector[TEXT=Tarjetas, CLASS=android.widget.TextView, INSTANCE=3, RESOURCE_ID=com.ibermatica.appiumdemo:id/lblListHeader]
[AndroidBootstrap] [BOOTSTRAP LOG] [debug] Element[] is null: (0)
[AndroidBootstrap] [BOOTSTRAP LOG] [debug] getElements tmp selector:UiSelector[TEXT=Tarjetas, CLASS=android.widget.TextView, INSTANCE=0, RESOURCE_ID=com.ibermatica.appiumdemo:id/lblListHeader]
[AndroidBootstrap] [BOOTSTRAP LOG] [debug] Element[] is null: (1)
[AndroidBootstrap] [BOOTSTRAP LOG] [debug] getElements tmp selector:UiSelector[TEXT=Tarjetas, CLASS=android.widget.TextView, INSTANCE=1, RESOURCE_ID=com.ibermatica.appiumdemo:id/lblListHeader]
[AndroidBootstrap] [BOOTSTRAP LOG] [debug] Returning result: {"status":0,"value":[{"ELEMENT":"4"}]}
[HTTP] <-- POST /wd/hub/session/0fc0b220-27fb-44bd-b178-d681e61eef75/elements 200 637 ms - 89 
[HTTP] --> GET /wd/hub/session/0fc0b220-27fb-44bd-b178-d681e61eef75 {}
[HTTP] <-- GET /wd/hub/session/0fc0b220-27fb-44bd-b178-d681e61eef75 200 1 ms - 1111 
[HTTP] --> GET /wd/hub/session/0fc0b220-27fb-44bd-b178-d681e61eef75 {}
[HTTP] <-- GET /wd/hub/session/0fc0b220-27fb-44bd-b178-d681e61eef75 200 3 ms - 1111 
[HTTP] --> GET /wd/hub/session/0fc0b220-27fb-44bd-b178-d681e61eef75 {}
[HTTP] <-- GET /wd/hub/session/0fc0b220-27fb-44bd-b178-d681e61eef75 200 2 ms - 1111 
[HTTP] --> GET /wd/hub/session/0fc0b220-27fb-44bd-b178-d681e61eef75 {}
[HTTP] <-- GET /wd/hub/session/0fc0b220-27fb-44bd-b178-d681e61eef75 200 1 ms - 1111 
[HTTP] --> GET /wd/hub/session/0fc0b220-27fb-44bd-b178-d681e61eef75/element/4/location {}
[AndroidBootstrap] [BOOTSTRAP LOG] [debug] Got data from client: {"cmd":"action","action":"element:getLocation","params":{"elementId":"4"}}
[AndroidBootstrap] [BOOTSTRAP LOG] [debug] Got command of type ACTION
[AndroidBootstrap] [BOOTSTRAP LOG] [debug] Got command action: getLocation
[AndroidBootstrap] [BOOTSTRAP LOG] [debug] Returning result: {"status":0,"value":{"x":17,"y":349}}
[HTTP] <-- GET /wd/hub/session/0fc0b220-27fb-44bd-b178-d681e61eef75/element/4/location 200 14 ms - 88 
[HTTP] --> GET /wd/hub/session/0fc0b220-27fb-44bd-b178-d681e61eef75/context {}
[HTTP] <-- GET /wd/hub/session/0fc0b220-27fb-44bd-b178-d681e61eef75/context 200 3 ms - 84 
[HTTP] --> GET /wd/hub/session/0fc0b220-27fb-44bd-b178-d681e61eef75/contexts {}
[HTTP] <-- GET /wd/hub/session/0fc0b220-27fb-44bd-b178-d681e61eef75/contexts 200 116 ms - 86 
[HTTP] --> POST /wd/hub/session/0fc0b220-27fb-44bd-b178-d681e61eef75/context {"name":"NATIVE_APP"}
[HTTP] <-- POST /wd/hub/session/0fc0b220-27fb-44bd-b178-d681e61eef75/context 200 96 ms - 76 
[HTTP] --> POST /wd/hub/session/0fc0b220-27fb-44bd-b178-d681e61eef75/appium/device/press_keycode {"keycode":4}
[AndroidBootstrap] [BOOTSTRAP LOG] [debug] Got data from client: {"cmd":"action","action":"pressKeyCode","params":{"keycode":4,"metastate":null}}
[AndroidBootstrap] [BOOTSTRAP LOG] [debug] Got command of type ACTION
[AndroidBootstrap] [BOOTSTRAP LOG] [debug] Got command action: pressKeyCode
[AndroidBootstrap] [BOOTSTRAP LOG] [debug] Returning result: {"status":0,"value":true}
[HTTP] <-- POST /wd/hub/session/0fc0b220-27fb-44bd-b178-d681e61eef75/appium/device/press_keycode 200 25 ms - 76 
[HTTP] --> POST /wd/hub/session/0fc0b220-27fb-44bd-b178-d681e61eef75/context {"name":"NATIVE_APP"}
[HTTP] <-- POST /wd/hub/session/0fc0b220-27fb-44bd-b178-d681e61eef75/context 200 81 ms - 76 
[HTTP] --> DELETE /wd/hub/session/0fc0b220-27fb-44bd-b178-d681e61eef75 {}
[ADB] App was uninstalled
[AndroidBootstrap] [BOOTSTRAP LOG] [debug] Got data from client: {"cmd":"shutdown"}
[AndroidBootstrap] [BOOTSTRAP LOG] [debug] Got command of type SHUTDOWN
[AndroidBootstrap] [BOOTSTRAP LOG] [debug] Returning result: {"status":0,"value":"OK, shutting down"}
[ADB] No uiautomator process found to kill, continuing...
[Appium] Removing session 0fc0b220-27fb-44bd-b178-d681e61eef75 from our master session list
[HTTP] <-- DELETE /wd/hub/session/0fc0b220-27fb-44bd-b178-d681e61eef75 200 6280 ms - 76 
